<?xml version="1.0" encoding="utf-8"?><testsuites name="pytest tests"><testsuite name="pytest" errors="0" failures="0" skipped="0" tests="20" time="5.563" timestamp="2026-05-22T13:49:11.196093+00:00" hostname="agent-env-d049ce64-7122-4dac-92d0-1c8f818c9d2b"><testcase classname="backend.tests.test_phase4.TestFreeEventPurchase" name="test_free_purchase_emits_tickets_instantly" time="0.206" /><testcase classname="backend.tests.test_phase4.TestFreeEventPurchase" name="test_free_purchase_get_order_returns_full_payload" time="0.130" /><testcase classname="backend.tests.test_phase4.TestPaidEventPurchase" name="test_paid_creates_stripe_session" time="0.591" /><testcase classname="backend.tests.test_phase4.TestPaidEventPurchase" name="test_simulate_purchase_paid_finalizes" time="0.067" /><testcase classname="backend.tests.test_phase4.TestPaidEventPurchase" name="test_finalize_idempotent_does_not_duplicate_tickets" time="0.122" /><testcase classname="backend.tests.test_phase4.TestTicketPDF" name="test_pdf_for_paid_order_returns_pdf_bytes" time="0.222" /><testcase classname="backend.tests.test_phase4.TestTicketPDF" name="test_pdf_for_pending_order_returns_404" time="0.549" /><testcase classname="backend.tests.test_phase4.TestPurchaseValidations" name="test_invalid_email_returns_422" time="0.058" /><testcase classname="backend.tests.test_phase4.TestPurchaseValidations" name="test_quantity_above_max_returns_422" time="0.060" /><testcase classname="backend.tests.test_phase4.TestPurchaseValidations" name="test_event_not_found_returns_404" time="0.061" /><testcase classname="backend.tests.test_phase4.TestPurchaseValidations" name="test_tenant_not_found_returns_404" time="0.058" /><testcase classname="backend.tests.test_phase4.TestOrganizerEndpoints" name="test_stats_returns_expected_shape" time="0.416" /><testcase classname="backend.tests.test_phase4.TestOrganizerEndpoints" name="test_list_orders_paginates" time="0.062" /><testcase classname="backend.tests.test_phase4.TestOrganizerEndpoints" name="test_list_tickets" time="0.063" /><testcase classname="backend.tests.test_phase4.TestOrganizerEndpoints" name="test_tickets_csv_export" time="0.069" /><testcase classname="backend.tests.test_phase4.TestRefundAndResend" name="test_refund_changes_status_and_decrements_sold" time="1.026" /><testcase classname="backend.tests.test_phase4.TestRefundAndResend" name="test_resend_email_for_paid_order" time="0.627" /><testcase classname="backend.tests.test_phase4.TestTicketValidate" name="test_validate_marks_used_then_already_used" time="0.186" /><testcase classname="backend.tests.test_phase4.TestTicketValidate" name="test_validate_invalid_token" time="0.059" /><testcase classname="backend.tests.test_phase4.TestCrossTenantRBAC" name="test_other_organizer_cannot_access_demo_event" time="0.852" /></testsuite></testsuites>