<?xml version="1.0" encoding="utf-8"?><testsuites name="pytest tests"><testsuite name="pytest" errors="0" failures="1" skipped="1" tests="8" time="7.733" timestamp="2026-05-23T23:23:54.495535+00:00" hostname="agent-env-d049ce64-7122-4dac-92d0-1c8f818c9d2b"><testcase classname="backend.tests.test_phase5b_extra" name="test_transfer_on_event_without_transfer_returns_400" time="0.259" /><testcase classname="backend.tests.test_phase5b_extra" name="test_stripe_method_returns_checkout_url" time="0.661" /><testcase classname="backend.tests.test_phase5b_extra" name="test_free_event_ignores_payment_method" time="0.105"><skipped type="pytest.skip" message="public/events unavailable">/app/backend/tests/test_phase5b_extra.py:107: public/events unavailable</skipped></testcase><testcase classname="backend.tests.test_phase5b_extra" name="test_seed_manual_orders_exist" time="0.608" /><testcase classname="backend.tests.test_phase5b_extra" name="test_email_log_instructions_on_manual_create" time="1.103" /><testcase classname="backend.tests.test_phase5b_extra" name="test_email_log_on_confirm_and_reject" time="3.945"><failure message="AssertionError: No confirmed-payment email log for phase5bx+transfer-7cd10edc@example.com&#10;assert False">backend/tests/test_phase5b_extra.py:233: in test_email_log_on_confirm_and_reject
    assert confirmed_ok, f"No confirmed-payment email log for {buyer_email}"
E   AssertionError: No confirmed-payment email log for phase5bx+transfer-7cd10edc@example.com
E   assert False</failure></testcase><testcase classname="backend.tests.test_phase5b_extra" name="test_confirm_already_paid_is_idempotent" time="0.491" /><testcase classname="backend.tests.test_phase5b_extra" name="test_reject_already_paid_returns_422" time="0.468" /></testsuite></testsuites>