<?xml version="1.0" encoding="utf-8"?><testsuites name="pytest tests"><testsuite name="pytest" errors="0" failures="0" skipped="0" tests="30" time="5.896" timestamp="2026-05-22T04:07:33.690265+00:00" hostname="agent-env-d049ce64-7122-4dac-92d0-1c8f818c9d2b"><testcase classname="backend.tests.test_phase2.TestSmoke" name="test_health" time="0.245" /><testcase classname="backend.tests.test_phase2.TestSmoke" name="test_openapi_has_new_endpoints" time="0.132" /><testcase classname="backend.tests.test_phase2.TestPublicMicrosite" name="test_demo_org_published" time="0.112" /><testcase classname="backend.tests.test_phase2.TestPublicMicrosite" name="test_prueba_not_published" time="0.108" /><testcase classname="backend.tests.test_phase2.TestPublicMicrosite" name="test_nonexistent_slug" time="0.107" /><testcase classname="backend.tests.test_phase2.TestPublicMicrosite" name="test_events_placeholder" time="0.113" /><testcase classname="backend.tests.test_phase2.TestMicrositeMe" name="test_get_me_demo_approved" time="0.444" /><testcase classname="backend.tests.test_phase2.TestMicrositeMe" name="test_get_me_pending_403" time="0.448" /><testcase classname="backend.tests.test_phase2.TestMicrositeMe" name="test_get_me_no_auth_401" time="0.108" /><testcase classname="backend.tests.test_phase2.TestMicrositeMe" name="test_put_template_valid" time="0.213" /><testcase classname="backend.tests.test_phase2.TestMicrositeMe" name="test_put_template_invalid" time="0.107" /><testcase classname="backend.tests.test_phase2.TestMicrositeMe" name="test_put_branding_primary_valid_hex" time="0.200" /><testcase classname="backend.tests.test_phase2.TestMicrositeMe" name="test_put_branding_primary_invalid" time="0.112" /><testcase classname="backend.tests.test_phase2.TestMicrositeMe" name="test_put_font_valid" time="0.108" /><testcase classname="backend.tests.test_phase2.TestMicrositeMe" name="test_put_font_invalid" time="0.101" /><testcase classname="backend.tests.test_phase2.TestAssets" name="test_upload_logo_png" time="0.226" /><testcase classname="backend.tests.test_phase2.TestAssets" name="test_upload_exe_rejected_415" time="0.168" /><testcase classname="backend.tests.test_phase2.TestAssets" name="test_upload_banner_jpeg" time="0.241" /><testcase classname="backend.tests.test_phase2.TestAssets" name="test_serve_asset_with_cache_control" time="0.104" /><testcase classname="backend.tests.test_phase2.TestAssets" name="test_delete_asset_clears_branding" time="0.224" /><testcase classname="backend.tests.test_phase2.TestPublishLifecycle" name="test_unpublish_then_404_then_republish" time="0.419" /><testcase classname="backend.tests.test_phase2.TestActivationFunnel" name="test_admin_funnel_no_auth_401" time="0.108" /><testcase classname="backend.tests.test_phase2.TestActivationFunnel" name="test_admin_funnel_as_organizer_403" time="0.105" /><testcase classname="backend.tests.test_phase2.TestActivationFunnel" name="test_admin_funnel_shape" time="0.444" /><testcase classname="backend.tests.test_phase2.TestActivationFunnel" name="test_register_triggers_email_sent_and_link_clicked" time="0.507" /><testcase classname="backend.tests.test_phase2.TestActivationFunnel" name="test_log_event_with_invalid_token" time="0.098" /><testcase classname="backend.tests.test_phase2.TestActivationFunnel" name="test_log_event_with_valid_jwt_token" time="0.102" /><testcase classname="backend.tests.test_phase2.TestDevEmailLog" name="test_list_email_log" time="0.115" /><testcase classname="backend.tests.test_phase2.TestDevEmailLog" name="test_get_one_email" time="0.116" /><testcase classname="backend.tests.test_phase2.TestDevEmailLog" name="test_path_traversal_rejected" time="0.135" /></testsuite></testsuites>