<?xml version="1.0" encoding="utf-8"?><testsuites name="pytest tests"><testsuite name="pytest" errors="0" failures="0" skipped="0" tests="10" time="2.838" timestamp="2026-05-22T16:02:38.622238+00:00" hostname="agent-env-d049ce64-7122-4dac-92d0-1c8f818c9d2b"><testcase classname="backend.tests.test_phase5.TestDashboard" name="test_dashboard_me_payload" time="0.502" /><testcase classname="backend.tests.test_phase5.TestPlanFeatures" name="test_features_for_profesional" time="0.064" /><testcase classname="backend.tests.test_phase5.TestEventFase5Fields" name="test_create_applies_default_fields" time="0.081" /><testcase classname="backend.tests.test_phase5.TestEventFase5Fields" name="test_update_payment_discounts_access" time="0.125" /><testcase classname="backend.tests.test_phase5.TestEventFase5Fields" name="test_gallery_upload_delete_reorder" time="0.593" /><testcase classname="backend.tests.test_phase5.TestEventFase5Fields" name="test_gallery_max_10" time="0.720" /><testcase classname="backend.tests.test_phase5.TestSeedEventsFase5" name="test_seed_event_has_phase5_fields[concierto-acustico-demo]" time="0.151" /><testcase classname="backend.tests.test_phase5.TestSeedEventsFase5" name="test_seed_event_has_phase5_fields[conferencia-marketing-digital]" time="0.119" /><testcase classname="backend.tests.test_phase5.TestSeedEventsFase5" name="test_seed_event_has_phase5_fields[charla-liderazgo-femenino]" time="0.128" /><testcase classname="backend.tests.test_phase5.TestPhase4Regression" name="test_create_free_order" time="0.272" /></testsuite></testsuites>