<?xml version="1.0" encoding="utf-8"?><testsuites name="pytest tests"><testsuite name="pytest" errors="0" failures="0" skipped="0" tests="9" time="3.730" timestamp="2026-05-23T23:21:43.978897+00:00" hostname="agent-env-d049ce64-7122-4dac-92d0-1c8f818c9d2b"><testcase classname="backend.tests.test_phase5b" name="test_create_order_with_transfer_returns_pending_manual" time="0.276" /><testcase classname="backend.tests.test_phase5b" name="test_create_order_with_cash_returns_pending_manual" time="0.130" /><testcase classname="backend.tests.test_phase5b" name="test_get_instructions_endpoint" time="0.290" /><testcase classname="backend.tests.test_phase5b" name="test_confirm_manual_payment_full_flow" time="0.834" /><testcase classname="backend.tests.test_phase5b" name="test_confirm_idempotent_no_double_tickets" time="0.481" /><testcase classname="backend.tests.test_phase5b" name="test_reject_manual_payment" time="0.321" /><testcase classname="backend.tests.test_phase5b" name="test_rbac_other_organizer_cannot_confirm" time="0.662" /><testcase classname="backend.tests.test_phase5b" name="test_validate_qr_after_manual_confirm" time="0.567" /><testcase classname="backend.tests.test_phase5b" name="test_invalid_payment_method_rejected" time="0.101" /></testsuite></testsuites>