<?xml version="1.0" encoding="utf-8"?><testsuites name="pytest tests"><testsuite name="pytest" errors="0" failures="0" skipped="0" tests="41" time="9.156" timestamp="2026-05-22T02:15:15.452172+00:00" hostname="agent-env-d049ce64-7122-4dac-92d0-1c8f818c9d2b"><testcase classname="backend.tests.test_phase1.TestHealthPlans" name="test_health" time="0.163" /><testcase classname="backend.tests.test_phase1.TestHealthPlans" name="test_plans_list_4_active_sorted" time="0.109" /><testcase classname="backend.tests.test_phase1.TestHealthPlans" name="test_plan_detail" time="0.148" /><testcase classname="backend.tests.test_phase1.TestHealthPlans" name="test_plan_detail_404" time="0.117" /><testcase classname="backend.tests.test_phase1.TestAuth" name="test_check_slug_taken" time="0.116" /><testcase classname="backend.tests.test_phase1.TestAuth" name="test_check_slug_free" time="0.120" /><testcase classname="backend.tests.test_phase1.TestAuth" name="test_login_admin" time="0.332" /><testcase classname="backend.tests.test_phase1.TestAuth" name="test_login_pending_organizer" time="0.428" /><testcase classname="backend.tests.test_phase1.TestAuth" name="test_login_bad_password" time="0.336" /><testcase classname="backend.tests.test_phase1.TestAuth" name="test_me_admin" time="0.380" /><testcase classname="backend.tests.test_phase1.TestAuth" name="test_me_approved_organizer_plan_code" time="0.374" /><testcase classname="backend.tests.test_phase1.TestAuth" name="test_refresh" time="0.490" /><testcase classname="backend.tests.test_phase1.TestAuth" name="test_logout_clears_cookies" time="0.547" /><testcase classname="backend.tests.test_phase1.TestAuth" name="test_me_no_cookies_401" time="0.110" /><testcase classname="backend.tests.test_phase1.TestRegister" name="test_register_then_login" time="0.784" /><testcase classname="backend.tests.test_phase1.TestRegister" name="test_register_duplicate_email_409" time="0.114" /><testcase classname="backend.tests.test_phase1.TestRegister" name="test_register_slug_taken_409" time="0.102" /><testcase classname="backend.tests.test_phase1.TestRBAC" name="test_admin_stats_no_auth_401" time="0.100" /><testcase classname="backend.tests.test_phase1.TestRBAC" name="test_admin_stats_organizer_403" time="0.055" /><testcase classname="backend.tests.test_phase1.TestRBAC" name="test_admin_organizers_no_auth_401" time="0.105" /><testcase classname="backend.tests.test_phase1.TestAdminStats" name="test_stats" time="0.054" /><testcase classname="backend.tests.test_phase1.TestAdminOrganizers" name="test_list_all" time="0.053" /><testcase classname="backend.tests.test_phase1.TestAdminOrganizers" name="test_filter_pending" time="0.054" /><testcase classname="backend.tests.test_phase1.TestAdminOrganizers" name="test_search_demo" time="0.063" /><testcase classname="backend.tests.test_phase1.TestAdminOrganizers" name="test_detail_and_actions_on_temp_organizer" time="0.700" /><testcase classname="backend.tests.test_phase1.TestAdminPlans" name="test_list_admin_includes_all" time="0.049" /><testcase classname="backend.tests.test_phase1.TestAdminPlans" name="test_toggle_plan_active" time="0.223" /><testcase classname="backend.tests.test_phase1.TestAdminPlans" name="test_delete_subscribed_plan_409" time="0.048" /><testcase classname="backend.tests.test_phase1.TestOrganizerSelf" name="test_get_me_organizer" time="0.389" /><testcase classname="backend.tests.test_phase1.TestOrganizerSelf" name="test_get_me_admin_403" time="0.052" /><testcase classname="backend.tests.test_phase1.TestOrganizerSelf" name="test_patch_company_name_syncs_tenant" time="0.110" /><testcase classname="backend.tests.test_phase1.TestOrganizerSelf" name="test_list_docs" time="0.050" /><testcase classname="backend.tests.test_phase1.TestOrganizerDocsUpload" name="test_upload_pdf_doc" time="0.048" /><testcase classname="backend.tests.test_phase1.TestOrganizerDocsUpload" name="test_upload_bad_doctype_400" time="0.048" /><testcase classname="backend.tests.test_phase1.TestOrganizerDocsUpload" name="test_upload_bad_mime_415" time="0.128" /><testcase classname="backend.tests.test_phase1.TestBilling" name="test_checkout_inactive_plan_404" time="0.161" /><testcase classname="backend.tests.test_phase1.TestBilling" name="test_checkout_subscription_or_502" time="0.822" /><testcase classname="backend.tests.test_phase1.TestBilling" name="test_checkout_one_time_or_502" time="0.269" /><testcase classname="backend.tests.test_phase1.TestStripeWebhook" name="test_real_webhook_503_without_secret" time="0.131" /><testcase classname="backend.tests.test_phase1.TestStripeWebhook" name="test_simulator_subscription_canceled_idempotent" time="0.458" /><testcase classname="backend.tests.test_phase1.TestOpenAPI" name="test_openapi_under_api" time="0.136" /></testsuite></testsuites>