<?xml version="1.0" encoding="utf-8"?><testsuites name="pytest tests"><testsuite name="pytest" errors="0" failures="0" skipped="1" tests="17" time="11.078" timestamp="2026-05-23T23:24:26.728712+00:00" hostname="agent-env-d049ce64-7122-4dac-92d0-1c8f818c9d2b"><testcase classname="backend.tests.test_phase5b_extra" name="test_transfer_on_event_without_transfer_returns_400" time="0.181" /><testcase classname="backend.tests.test_phase5b_extra" name="test_stripe_method_returns_checkout_url" time="0.703" /><testcase classname="backend.tests.test_phase5b_extra" name="test_free_event_ignores_payment_method" time="0.130"><skipped type="pytest.skip" message="public/events unavailable">/app/backend/tests/test_phase5b_extra.py:107: public/events unavailable</skipped></testcase><testcase classname="backend.tests.test_phase5b_extra" name="test_seed_manual_orders_exist" time="0.574" /><testcase classname="backend.tests.test_phase5b_extra" name="test_email_log_instructions_on_manual_create" time="1.106" /><testcase classname="backend.tests.test_phase5b_extra" name="test_email_log_on_confirm_and_reject" time="3.896" /><testcase classname="backend.tests.test_phase5b_extra" name="test_confirm_already_paid_is_idempotent" time="0.505" /><testcase classname="backend.tests.test_phase5b_extra" name="test_reject_already_paid_returns_422" time="0.445" /><testcase classname="backend.tests.test_phase5b" name="test_create_order_with_transfer_returns_pending_manual" time="0.116" /><testcase classname="backend.tests.test_phase5b" name="test_create_order_with_cash_returns_pending_manual" time="0.125" /><testcase classname="backend.tests.test_phase5b" name="test_get_instructions_endpoint" time="0.251" /><testcase classname="backend.tests.test_phase5b" name="test_confirm_manual_payment_full_flow" time="0.807" /><testcase classname="backend.tests.test_phase5b" name="test_confirm_idempotent_no_double_tickets" time="0.489" /><testcase classname="backend.tests.test_phase5b" name="test_reject_manual_payment" time="0.315" /><testcase classname="backend.tests.test_phase5b" name="test_rbac_other_organizer_cannot_confirm" time="0.660" /><testcase classname="backend.tests.test_phase5b" name="test_validate_qr_after_manual_confirm" time="0.595" /><testcase classname="backend.tests.test_phase5b" name="test_invalid_payment_method_rejected" time="0.106" /></testsuite></testsuites>