<?xml version="1.0" encoding="utf-8"?><testsuites name="pytest tests"><testsuite name="pytest" errors="0" failures="0" skipped="0" tests="17" time="2.933" timestamp="2026-05-23T23:54:12.109587+00:00" hostname="agent-env-d049ce64-7122-4dac-92d0-1c8f818c9d2b"><testcase classname="tests.test_phase5_5" name="test_dashboard_stats_payload_shape" time="0.581" /><testcase classname="tests.test_phase5_5" name="test_dashboard_stats_rbac" time="0.455" /><testcase classname="tests.test_phase5_5" name="test_dashboard_stats_unauth" time="0.102" /><testcase classname="tests.test_phase5_5" name="test_attention_items" time="0.145" /><testcase classname="tests.test_phase5_5" name="test_organizers_rich_basic" time="0.110" /><testcase classname="tests.test_phase5_5" name="test_organizers_rich_filter_by_status" time="0.152" /><testcase classname="tests.test_phase5_5" name="test_organizers_rich_rbac" time="0.133" /><testcase classname="tests.test_phase5_5" name="test_audit_log_lists" time="0.107" /><testcase classname="tests.test_phase5_5" name="test_audit_log_filter" time="0.105" /><testcase classname="tests.test_phase5_5" name="test_admin_events_global" time="0.146" /><testcase classname="tests.test_phase5_5" name="test_admin_events_search_and_sort" time="0.114" /><testcase classname="tests.test_phase5_5" name="test_export_organizers_csv" time="0.102" /><testcase classname="tests.test_phase5_5" name="test_export_events_csv" time="0.113" /><testcase classname="tests.test_phase5_5" name="test_export_orders_csv" time="0.108" /><testcase classname="tests.test_phase5_5" name="test_export_audit_log_csv" time="0.114" /><testcase classname="tests.test_phase5_5" name="test_export_monthly_report" time="0.118" /><testcase classname="tests.test_phase5_5" name="test_exports_rbac" time="0.159" /></testsuite></testsuites>