<?xml version="1.0" encoding="utf-8"?><testsuites name="pytest tests"><testsuite name="pytest" errors="0" failures="1" skipped="0" tests="19" time="3.224" timestamp="2026-05-22T00:19:55.789602+00:00" hostname="agent-env-d049ce64-7122-4dac-92d0-1c8f818c9d2b"><testcase classname="backend.tests.backend_test.TestHealth" name="test_health_ok" time="0.193" /><testcase classname="backend.tests.backend_test.TestHealth" name="test_openapi_under_api" time="0.059" /><testcase classname="backend.tests.backend_test.TestHealth" name="test_openapi_not_at_root" time="0.050" /><testcase classname="backend.tests.backend_test.TestTenantsResolve" name="test_resolve_demo_org" time="0.048" /><testcase classname="backend.tests.backend_test.TestTenantsResolve" name="test_resolve_prueba_eventos" time="0.049" /><testcase classname="backend.tests.backend_test.TestTenantsResolve" name="test_resolve_non_existent" time="0.049" /><testcase classname="backend.tests.backend_test.TestTenantsResolve" name="test_resolve_no_param" time="0.045" /><testcase classname="backend.tests.backend_test.TestSubscriptionSession" name="test_create_subscription_basic" time="0.535" /><testcase classname="backend.tests.backend_test.TestSubscriptionSession" name="test_create_subscription_pro" time="0.506" /><testcase classname="backend.tests.backend_test.TestSubscriptionSession" name="test_subscription_invalid_tenant" time="0.047" /><testcase classname="backend.tests.backend_test.TestSubscriptionSession" name="test_subscription_invalid_plan" time="0.052" /><testcase classname="backend.tests.backend_test.TestTicketSession" name="test_create_ticket_session" time="0.534" /><testcase classname="backend.tests.backend_test.TestTicketSession" name="test_ticket_amount_negative" time="0.051" /><testcase classname="backend.tests.backend_test.TestTicketSession" name="test_ticket_invalid_tenant" time="0.055" /><testcase classname="backend.tests.backend_test.TestPaymentsList" name="test_payments_filtered_and_no_mongo_id" time="0.058" /><testcase classname="backend.tests.backend_test.TestPaymentsList" name="test_payments_other_tenant_isolated" time="0.050" /><testcase classname="backend.tests.backend_test.TestStripeStatus" name="test_status_for_fresh_session" time="0.629"><failure message="AssertionError: {&quot;detail&quot;:&quot;Stripe error: Failed to retrieve session status: Request req_pxEucuHIUOoIBa: No such checkout.session: cs_test_a1uCvotwGmDA1wvHrezxrPmGNmiS7uJbuDRzIfTwTeXKT0qEXYQ8ukv1C5&quot;}&#10;assert 502 == 200&#10; +  where 502 = &lt;Response [502]&gt;.status_code">E   AssertionError: {"detail":"Stripe error: Failed to retrieve session status: Request req_pxEucuHIUOoIBa: No such checkout.session: cs_test_a1uCvotwGmDA1wvHrezxrPmGNmiS7uJbuDRzIfTwTeXKT0qEXYQ8ukv1C5"}
    assert 502 == 200
     +  where 502 = &lt;Response [502]&gt;.status_code</failure></testcase><testcase classname="backend.tests.backend_test.TestWebhook" name="test_webhook_no_signature" time="0.045" /><testcase classname="backend.tests.backend_test.TestSeed" name="test_exactly_two_tenants" time="0.006" /></testsuite></testsuites>